BelARgerung/Library/Bee/Android/Prj/IL2CPP/Gradle/launcher/build/intermediates/manifest_merge_blame_file/release/manifest-merger-blame-release-report.txt
1<?xml version="1.0" encoding="utf-8"?>
2<manifest xmlns:android="http://schemas.android.com/apk/res/android"
3    package="com.vuforia.engine.VuforiaEngine"
4    android:installLocation="preferExternal"
5    android:versionCode="1072"
6    android:versionName="10.7.2" >
7
8    <uses-sdk
9        android:minSdkVersion="26"
9-->src\main\AndroidManifest.xml
10        android:targetSdkVersion="30" />
10-->src\main\AndroidManifest.xml
11
12    <supports-screens
12-->src\main\AndroidManifest.xml:3:3-163
13        android:anyDensity="true"
13-->src\main\AndroidManifest.xml:3:135-160
14        android:largeScreens="true"
14-->src\main\AndroidManifest.xml:3:78-105
15        android:normalScreens="true"
15-->src\main\AndroidManifest.xml:3:49-77
16        android:smallScreens="true"
16-->src\main\AndroidManifest.xml:3:21-48
17        android:xlargeScreens="true" />
17-->src\main\AndroidManifest.xml:3:106-134
18
19    <uses-feature android:glEsVersion="0x00020000" />
19-->[:unityLibrary] AndroidManifest.xml:12:5-54
19-->[:unityLibrary] AndroidManifest.xml:12:19-51
20    <uses-feature
20-->[:unityLibrary] AndroidManifest.xml:13:5-15:36
21        android:name="android.hardware.vulkan.version"
21-->[:unityLibrary] AndroidManifest.xml:14:9-55
22        android:required="false" />
22-->[:unityLibrary] AndroidManifest.xml:15:9-33
23
24    <uses-permission android:name="android.permission.CAMERA" />
24-->[:unityLibrary] AndroidManifest.xml:17:5-65
24-->[:unityLibrary] AndroidManifest.xml:17:22-62
25
26    <uses-feature
26-->[:unityLibrary] AndroidManifest.xml:19:5-21:36
27        android:name="android.hardware.camera"
27-->[:unityLibrary] AndroidManifest.xml:20:9-47
28        android:required="true" />
28-->[:unityLibrary] AndroidManifest.xml:21:9-33
29    <uses-feature
29-->[:unityLibrary] AndroidManifest.xml:22:5-24:36
30        android:name="android.hardware.camera.autofocus"
30-->[:unityLibrary] AndroidManifest.xml:23:9-57
31        android:required="false" />
31-->[:unityLibrary] AndroidManifest.xml:24:9-33
32    <uses-feature
32-->[:unityLibrary] AndroidManifest.xml:25:5-27:36
33        android:name="android.hardware.camera.front"
33-->[:unityLibrary] AndroidManifest.xml:26:9-53
34        android:required="false" />
34-->[:unityLibrary] AndroidManifest.xml:27:9-33
35    <uses-feature
35-->[:unityLibrary] AndroidManifest.xml:28:5-30:36
36        android:name="android.hardware.touchscreen"
36-->[:unityLibrary] AndroidManifest.xml:29:9-52
37        android:required="false" />
37-->[:unityLibrary] AndroidManifest.xml:30:9-33
38    <uses-feature
38-->[:unityLibrary] AndroidManifest.xml:31:5-33:36
39        android:name="android.hardware.touchscreen.multitouch"
39-->[:unityLibrary] AndroidManifest.xml:32:9-63
40        android:required="false" />
40-->[:unityLibrary] AndroidManifest.xml:33:9-33
41    <uses-feature
41-->[:unityLibrary] AndroidManifest.xml:34:5-36:36
42        android:name="android.hardware.touchscreen.multitouch.distinct"
42-->[:unityLibrary] AndroidManifest.xml:35:9-72
43        android:required="false" />
43-->[:unityLibrary] AndroidManifest.xml:36:9-33
44
45    <queries>
45-->[com.google.ar:core:1.22.0] AndroidManifest.xml:29:5-31:15
46        <package android:name="com.google.ar.core" />
46-->[com.google.ar:core:1.22.0] AndroidManifest.xml:30:9-54
46-->[com.google.ar:core:1.22.0] AndroidManifest.xml:30:18-51
47    </queries>
48
49    <uses-permission android:name="android.permission.INTERNET" />
49-->[:VuforiaEngine:] AndroidManifest.xml:9:5-67
49-->[:VuforiaEngine:] AndroidManifest.xml:9:22-64
50    <uses-permission android:name="android.permission.ACCESS_NETWORK_STATE" />
50-->[:VuforiaEngine:] AndroidManifest.xml:11:5-79
50-->[:VuforiaEngine:] AndroidManifest.xml:11:22-76
51
52    <application
52-->src\main\AndroidManifest.xml:4:3-126
53        android:extractNativeLibs="true"
53-->[:unityLibrary] AndroidManifest.xml:38:18-50
54        android:icon="@mipmap/app_icon"
54-->src\main\AndroidManifest.xml:4:49-80
55        android:label="@string/app_name"
55-->src\main\AndroidManifest.xml:4:16-48
56        android:roundIcon="@mipmap/app_icon_round" >
56-->src\main\AndroidManifest.xml:4:81-123
57        <activity
57-->[:unityLibrary] AndroidManifest.xml:39:9-59:20
58            android:name="com.unity3d.player.UnityPlayerActivity"
58-->[:unityLibrary] AndroidManifest.xml:40:13-66
59            android:configChanges="mcc|mnc|locale|touchscreen|keyboard|keyboardHidden|navigation|orientation|screenLayout|uiMode|screenSize|smallestScreenSize|fontScale|layoutDirection|density"
59-->[:unityLibrary] AndroidManifest.xml:41:13-194
60            android:hardwareAccelerated="false"
60-->[:unityLibrary] AndroidManifest.xml:42:13-48
61            android:launchMode="singleTask"
61-->[:unityLibrary] AndroidManifest.xml:43:13-44
62            android:resizeableActivity="false"
62-->[:unityLibrary] AndroidManifest.xml:44:13-47
63            android:screenOrientation="portrait"
63-->[:unityLibrary] AndroidManifest.xml:45:13-49
64            android:theme="@style/UnityThemeSelector" >
64-->[:unityLibrary] AndroidManifest.xml:46:13-54
65            <intent-filter>
65-->[:unityLibrary] AndroidManifest.xml:47:13-51:29
66                <action android:name="android.intent.action.MAIN" />
66-->[:unityLibrary] AndroidManifest.xml:48:17-69
66-->[:unityLibrary] AndroidManifest.xml:48:25-66
67
68                <category android:name="android.intent.category.LAUNCHER" />
68-->[:unityLibrary] AndroidManifest.xml:50:17-77
68-->[:unityLibrary] AndroidManifest.xml:50:27-74
69            </intent-filter>
70
71            <meta-data
71-->[:unityLibrary] AndroidManifest.xml:53:13-55:40
72                android:name="unityplayer.UnityActivity"
72-->[:unityLibrary] AndroidManifest.xml:54:17-57
73                android:value="true" />
73-->[:unityLibrary] AndroidManifest.xml:55:17-37
74            <meta-data
74-->[:unityLibrary] AndroidManifest.xml:56:13-58:40
75                android:name="android.notch_support"
75-->[:unityLibrary] AndroidManifest.xml:57:17-53
76                android:value="true" />
76-->[:unityLibrary] AndroidManifest.xml:58:17-37
77        </activity>
78
79        <meta-data
79-->[:unityLibrary] AndroidManifest.xml:61:9-63:33
80            android:name="unity.splash-mode"
80-->[:unityLibrary] AndroidManifest.xml:62:13-45
81            android:value="0" />
81-->[:unityLibrary] AndroidManifest.xml:63:13-30
82        <meta-data
82-->[:unityLibrary] AndroidManifest.xml:64:9-66:36
83            android:name="unity.splash-enable"
83-->[:unityLibrary] AndroidManifest.xml:65:13-47
84            android:value="True" />
84-->[:unityLibrary] AndroidManifest.xml:66:13-33
85        <meta-data
85-->[:unityLibrary] AndroidManifest.xml:67:9-69:36
86            android:name="unity.launch-fullscreen"
86-->[:unityLibrary] AndroidManifest.xml:68:13-51
87            android:value="True" />
87-->[:unityLibrary] AndroidManifest.xml:69:13-33
88        <meta-data
88-->[:unityLibrary] AndroidManifest.xml:70:9-72:37
89            android:name="unity.allow-resizable-window"
89-->[:unityLibrary] AndroidManifest.xml:71:13-56
90            android:value="False" />
90-->[:unityLibrary] AndroidManifest.xml:72:13-34
91        <meta-data
91-->[:unityLibrary] AndroidManifest.xml:73:9-75:50
92            android:name="notch.config"
92-->[:unityLibrary] AndroidManifest.xml:74:13-40
93            android:value="portrait|landscape" />
93-->[:unityLibrary] AndroidManifest.xml:75:13-47
94        <meta-data
94-->[:unityLibrary] AndroidManifest.xml:76:9-78:40
95            android:name="com.google.ar.core"
95-->[:unityLibrary] AndroidManifest.xml:77:13-46
96            android:value="optional" /> <!-- The minimal version code of ARCore APK required for an app using this SDK. -->
96-->[:unityLibrary] AndroidManifest.xml:78:13-37
97        <meta-data
97-->[com.google.ar:core:1.22.0] AndroidManifest.xml:36:9-38:41
98            android:name="com.google.ar.core.min_apk_version"
98-->[com.google.ar:core:1.22.0] AndroidManifest.xml:37:13-62
99            android:value="202940000" /> <!-- This activity is critical for installing ARCore when it is not already present. -->
99-->[com.google.ar:core:1.22.0] AndroidManifest.xml:38:13-38
100        <activity
100-->[com.google.ar:core:1.22.0] AndroidManifest.xml:40:9-46:80
101            android:name="com.google.ar.core.InstallActivity"
101-->[com.google.ar:core:1.22.0] AndroidManifest.xml:41:13-62
102            android:configChanges="keyboardHidden|orientation|screenSize"
102-->[com.google.ar:core:1.22.0] AndroidManifest.xml:42:13-74
103            android:excludeFromRecents="true"
103-->[com.google.ar:core:1.22.0] AndroidManifest.xml:43:13-46
104            android:exported="false"
104-->[com.google.ar:core:1.22.0] AndroidManifest.xml:44:13-37
105            android:launchMode="singleTop"
105-->[com.google.ar:core:1.22.0] AndroidManifest.xml:45:13-43
106            android:theme="@android:style/Theme.Material.Light.Dialog.Alert" />
106-->[com.google.ar:core:1.22.0] AndroidManifest.xml:46:13-77
107
108        <provider
108-->[:VuforiaEngine:] AndroidManifest.xml:14:9-22:20
109            android:name="com.vuforia.engine.app.VuforiaContentProvider"
109-->[:VuforiaEngine:] AndroidManifest.xml:15:13-73
110            android:authorities="com.vuforia.engine.VuforiaEngine.vuforia.share"
110-->[:VuforiaEngine:] AndroidManifest.xml:16:13-65
111            android:exported="false"
111-->[:VuforiaEngine:] AndroidManifest.xml:17:13-37
112            android:grantUriPermissions="true" >
112-->[:VuforiaEngine:] AndroidManifest.xml:18:13-47
113            <meta-data
113-->[:VuforiaEngine:] AndroidManifest.xml:19:13-21:53
114                android:name="android.support.FILE_PROVIDER_PATHS"
114-->[:VuforiaEngine:] AndroidManifest.xml:20:17-67
115                android:resource="@xml/filepaths" />
115-->[:VuforiaEngine:] AndroidManifest.xml:21:17-50
116        </provider>
117    </application>
118
119</manifest>